TN:
SF:src\App.jsx
FN:9,(anonymous_0)
FN:15,(anonymous_1)
FN:19,(anonymous_2)
FN:23,(anonymous_3)
FN:28,(anonymous_4)
FNF:5
FNH:5
FNDA:11,(anonymous_0)
FNDA:6,(anonymous_1)
FNDA:13,(anonymous_2)
FNDA:35,(anonymous_3)
FNDA:7,(anonymous_4)
DA:9,3
DA:10,11
DA:11,10
DA:12,10
DA:13,10
DA:15,10
DA:16,6
DA:19,10
DA:20,13
DA:21,13
DA:23,35
DA:24,13
DA:25,13
DA:28,10
DA:29,7
DA:32,10
LF:16
LH:16
BRDA:21,0,0,12
BRDA:21,0,1,1
BRF:2
BRH:2
end_of_record
TN:
SF:src\api.js
FN:10,(anonymous_0)
FN:11,(anonymous_1)
FN:19,(anonymous_2)
FNF:3
FNH:3
FNDA:15,(anonymous_0)
FNDA:525,(anonymous_1)
FNDA:17,(anonymous_2)
DA:10,3
DA:11,525
DA:12,15
DA:13,15
DA:19,3
DA:20,17
LF:6
LH:6
BRF:0
BRH:0
end_of_record
TN:
SF:src\mock-data.js
FNF:0
FNH:0
DA:1,3
LF:1
LH:1
BRF:0
BRH:0
end_of_record
TN:
SF:src\components\CitySearch.jsx
FN:4,(anonymous_0)
FN:9,(anonymous_1)
FN:12,(anonymous_2)
FN:20,(anonymous_3)
FN:27,(anonymous_4)
FN:38,(anonymous_5)
FN:43,(anonymous_6)
FNF:7
FNH:7
FNDA:56,(anonymous_0)
FNDA:18,(anonymous_1)
FNDA:36,(anonymous_2)
FNDA:2,(anonymous_3)
FNDA:16,(anonymous_4)
FNDA:4,(anonymous_5)
FNDA:24,(anonymous_6)
DA:4,3
DA:5,56
DA:6,56
DA:7,56
DA:9,56
DA:10,18
DA:11,18
DA:13,36
DA:16,18
DA:17,18
DA:20,56
DA:21,2
DA:22,2
DA:23,2
DA:24,2
DA:27,56
DA:28,16
DA:31,56
DA:38,4
DA:44,24
DA:57,3
LF:21
LH:21
BRDA:11,0,0,18
BRDA:11,0,1,0
BRDA:41,1,0,22
BRDA:41,1,1,34
BRF:4
BRH:3
end_of_record
TN:
SF:src\components\Event.jsx
FN:4,(anonymous_0)
FN:6,(anonymous_1)
FN:6,(anonymous_2)
FNF:3
FNH:3
FNDA:167,(anonymous_0)
FNDA:6,(anonymous_1)
FNDA:6,(anonymous_2)
DA:4,4
DA:5,167
DA:6,167
DA:8,167
DA:24,4
LF:5
LH:5
BRDA:13,0,0,167
BRDA:13,0,1,163
BRDA:14,1,0,167
BRDA:14,1,1,4
BRF:4
BRH:4
end_of_record
TN:
SF:src\components\EventList.jsx
FN:5,(anonymous_0)
FN:9,(anonymous_1)
FNF:2
FNH:2
FNDA:14,(anonymous_0)
FNDA:152,(anonymous_1)
DA:5,3
DA:6,14
DA:9,152
DA:14,3
LF:4
LH:4
BRDA:8,0,0,13
BRDA:8,0,1,1
BRF:2
BRH:2
end_of_record
TN:
SF:src\components\NumberOfEvents.jsx
FN:4,(anonymous_0)
FN:6,(anonymous_1)
FNF:2
FNH:2
FNDA:16,(anonymous_0)
FNDA:3,(anonymous_1)
DA:4,4
DA:5,16
DA:6,16
DA:7,3
DA:8,3
DA:9,3
DA:12,16
DA:25,4
LF:8
LH:8
BRDA:9,0,0,0
BRDA:9,0,1,3
BRF:2
BRH:1
end_of_record
