TN:
SF:src\App.jsx
FN:10,(anonymous_0)
FN:18,(anonymous_1)
FN:22,(anonymous_2)
FN:26,(anonymous_3)
FN:31,(anonymous_4)
FNF:5
FNH:5
FNDA:29,(anonymous_0)
FNDA:11,(anonymous_1)
FNDA:26,(anonymous_2)
FNDA:70,(anonymous_3)
FNDA:15,(anonymous_4)
DA:10,4
DA:11,29
DA:12,27
DA:13,27
DA:14,27
DA:15,27
DA:16,27
DA:18,27
DA:19,11
DA:22,27
DA:23,26
DA:24,26
DA:26,70
DA:27,26
DA:28,26
DA:31,27
DA:32,15
DA:35,27
LF:18
LH:18
BRDA:24,0,0,24
BRDA:24,0,1,2
BRDA:38,1,0,0
BRDA:38,1,1,27
BRDA:39,2,0,2
BRDA:39,2,1,25
BRF:6
BRH:5
end_of_record
TN:
SF:src\api.js
FN:10,(anonymous_0)
FN:11,(anonymous_1)
FN:16,(anonymous_2)
FN:24,(anonymous_3)
FN:48,(anonymous_4)
FN:50,(anonymous_5)
FN:76,(anonymous_6)
FN:88,(anonymous_7)
FNF:8
FNH:3
FNDA:28,(anonymous_0)
FNDA:980,(anonymous_1)
FNDA:0,(anonymous_2)
FNDA:31,(anonymous_3)
FNDA:0,(anonymous_4)
FNDA:0,(anonymous_5)
FNDA:0,(anonymous_6)
FNDA:0,(anonymous_7)
DA:10,4
DA:11,980
DA:12,28
DA:13,28
DA:16,4
DA:17,0
DA:20,0
DA:21,0
DA:24,4
DA:25,31
DA:26,31
DA:29,0
DA:30,0
DA:31,0
DA:32,0
DA:35,0
DA:36,0
DA:37,0
DA:38,0
DA:39,0
DA:40,0
DA:41,0
DA:42,0
DA:43,0
DA:44,0
DA:48,4
DA:49,0
DA:50,0
DA:52,0
DA:53,0
DA:58,0
DA:60,0
DA:61,0
DA:65,0
DA:66,0
DA:67,0
DA:68,0
DA:69,0
DA:70,0
DA:71,0
DA:72,0
DA:76,4
DA:77,0
DA:78,0
DA:81,0
DA:82,0
DA:85,0
DA:88,4
DA:89,0
DA:90,0
DA:92,0
DA:93,0
DA:94,0
DA:95,0
DA:96,0
DA:97,0
DA:100,0
DA:101,0
DA:102,0
DA:104,0
DA:106,0
LF:61
LH:11
BRDA:25,0,0,31
BRDA:25,0,1,0
BRDA:29,1,0,0
BRDA:29,1,1,0
BRDA:32,2,0,0
BRDA:32,2,1,0
BRDA:36,3,0,0
BRDA:36,3,1,0
BRDA:40,4,0,0
BRDA:40,4,1,0
BRDA:52,5,0,0
BRDA:52,5,1,0
BRDA:52,6,0,0
BRDA:52,6,1,0
BRDA:65,7,0,0
BRDA:65,7,1,0
BRDA:70,8,0,0
BRDA:70,8,1,0
BRDA:82,9,0,0
BRDA:82,9,1,0
BRDA:90,10,0,0
BRDA:90,10,1,0
BRDA:92,11,0,0
BRDA:92,11,1,0
BRDA:92,12,0,0
BRDA:92,12,1,0
BRDA:96,13,0,0
BRDA:96,13,1,0
BRDA:104,14,0,0
BRDA:104,14,1,0
BRF:30
BRH:1
end_of_record
TN:
SF:src\mock-data.js
FNF:0
FNH:0
DA:1,4
LF:1
LH:1
BRF:0
BRH:0
end_of_record
TN:
SF:src\components\Alert.jsx
FN:6,(anonymous_0)
FN:12,(anonymous_1)
FN:28,(anonymous_2)
FN:38,(anonymous_3)
FN:46,(anonymous_4)
FNF:5
FNH:4
FNDA:1,(anonymous_0)
FNDA:2,(anonymous_1)
FNDA:2,(anonymous_2)
FNDA:0,(anonymous_3)
FNDA:1,(anonymous_4)
DA:7,1
DA:8,1
DA:9,1
DA:12,1
DA:13,2
DA:29,2
DA:39,0
DA:40,0
DA:41,0
DA:47,1
DA:48,1
DA:49,1
DA:52,4
LF:13
LH:10
BRF:0
BRH:0
end_of_record
TN:
SF:src\components\CitySearch.jsx
FN:4,(anonymous_0)
FN:9,(anonymous_1)
FN:11,(anonymous_2)
FN:25,(anonymous_3)
FN:33,(anonymous_4)
FN:44,(anonymous_5)
FN:49,(anonymous_6)
FNF:7
FNH:7
FNDA:100,(anonymous_0)
FNDA:30,(anonymous_1)
FNDA:60,(anonymous_2)
FNDA:3,(anonymous_3)
FNDA:29,(anonymous_4)
FNDA:6,(anonymous_5)
FNDA:40,(anonymous_6)
DA:4,4
DA:5,100
DA:6,100
DA:7,100
DA:9,100
DA:10,30
DA:11,30
DA:12,60
DA:14,30
DA:15,30
DA:17,30
DA:18,0
DA:20,30
DA:22,30
DA:25,100
DA:26,3
DA:27,3
DA:28,3
DA:29,3
DA:30,3
DA:33,100
DA:34,29
DA:37,100
DA:44,6
DA:50,40
DA:63,4
LF:26
LH:25
BRDA:11,0,0,30
BRDA:11,0,1,0
BRDA:17,1,0,0
BRDA:17,1,1,30
BRDA:47,2,0,37
BRDA:47,2,1,63
BRF:6
BRH:4
end_of_record
TN:
SF:src\components\Event.jsx
FN:4,(anonymous_0)
FN:6,(anonymous_1)
FN:6,(anonymous_2)
FNF:3
FNH:3
FNDA:420,(anonymous_0)
FNDA:6,(anonymous_1)
FNDA:6,(anonymous_2)
DA:4,5
DA:5,420
DA:6,420
DA:8,420
DA:24,5
LF:5
LH:5
BRDA:13,0,0,420
BRDA:13,0,1,416
BRDA:14,1,0,420
BRDA:14,1,1,4
BRF:4
BRH:4
end_of_record
TN:
SF:src\components\EventList.jsx
FN:5,(anonymous_0)
FN:9,(anonymous_1)
FNF:2
FNH:2
FNDA:31,(anonymous_0)
FNDA:405,(anonymous_1)
DA:5,4
DA:6,31
DA:9,405
DA:14,4
LF:4
LH:4
BRDA:8,0,0,30
BRDA:8,0,1,1
BRF:2
BRH:2
end_of_record
TN:
SF:src\components\NumberOfEvents.jsx
FN:4,(anonymous_0)
FN:6,(anonymous_1)
FNF:2
FNH:2
FNDA:33,(anonymous_0)
FNDA:6,(anonymous_1)
DA:4,5
DA:5,33
DA:6,33
DA:7,6
DA:8,6
DA:10,6
DA:11,2
DA:13,4
DA:14,4
DA:18,33
DA:32,5
LF:11
LH:11
BRDA:10,0,0,2
BRDA:10,0,1,4
BRDA:10,1,0,6
BRDA:10,1,1,6
BRDA:10,1,2,4
BRDA:14,2,0,2
BRDA:14,2,1,2
BRF:7
BRH:7
end_of_record
